2021-04-22 14:03:59 [INFO  ] RetailCustomerApplicationTest – Starting RetailCustomerApplicationTest using Java 1.8.0_282 on WKMZT8FE2C3F.global.publicisgroupe.net with PID 53314 (started by humahmed1 in /Users/humahmed1/Documents/cmp-mock-gcp/cmp-mock-customer-es)
2021-04-22 14:03:59 [INFO  ] RetailCustomerApplicationTest – No active profile set, falling back to default profiles: default
2021-04-22 14:04:03 [INFO  ] RetailCustomerApplicationTest – Started RetailCustomerApplicationTest in 3.941 seconds (JVM running for 5.014)
2021-04-22 14:04:03 [INFO  ] RetailCustomerApplicationTest – Starting RetailCustomerApplicationTest using Java 1.8.0_282 on WKMZT8FE2C3F.global.publicisgroupe.net with PID 53314 (started by humahmed1 in /Users/humahmed1/Documents/cmp-mock-gcp/cmp-mock-customer-es)
2021-04-22 14:04:03 [INFO  ] RetailCustomerApplicationTest – No active profile set, falling back to default profiles: default
2021-04-22 14:04:04 [INFO  ] RetailCustomerApplicationTest – Started RetailCustomerApplicationTest in 0.997 seconds (JVM running for 6.183)
2021-04-22 14:04:05 [INFO  ] RetailCustomerApplicationTest – Starting RetailCustomerApplicationTest using Java 1.8.0_282 on WKMZT8FE2C3F.global.publicisgroupe.net with PID 53314 (started by humahmed1 in /Users/humahmed1/Documents/cmp-mock-gcp/cmp-mock-customer-es)
2021-04-22 14:04:05 [INFO  ] RetailCustomerApplicationTest – No active profile set, falling back to default profiles: default
2021-04-22 14:04:06 [INFO  ] RetailCustomerApplicationTest – Started RetailCustomerApplicationTest in 1.028 seconds (JVM running for 7.408)
2021-04-22 14:04:06 [INFO  ] RetailCustomerApplicationTest – Starting RetailCustomerApplicationTest using Java 1.8.0_282 on WKMZT8FE2C3F.global.publicisgroupe.net with PID 53314 (started by humahmed1 in /Users/humahmed1/Documents/cmp-mock-gcp/cmp-mock-customer-es)
2021-04-22 14:04:06 [INFO  ] RetailCustomerApplicationTest – No active profile set, falling back to default profiles: default
2021-04-22 14:04:06 [INFO  ] RetailCustomerApplicationTest – Started RetailCustomerApplicationTest in 0.865 seconds (JVM running for 8.345)
2021-04-22 14:10:07 [INFO  ] RetailCustomerApplicationTest – Starting RetailCustomerApplicationTest using Java 1.8.0_282 on WKMZT8FE2C3F.global.publicisgroupe.net with PID 54631 (started by humahmed1 in /Users/humahmed1/Documents/cmp-mock-gcp/cmp-mock-customer-es)
2021-04-22 14:10:07 [INFO  ] RetailCustomerApplicationTest – No active profile set, falling back to default profiles: default
2021-04-22 14:10:10 [INFO  ] RetailCustomerApplicationTest – Started RetailCustomerApplicationTest in 3.433 seconds (JVM running for 4.5)
2021-04-22 14:10:10 [INFO  ] RetailCustomerApplicationTest – Starting RetailCustomerApplicationTest using Java 1.8.0_282 on WKMZT8FE2C3F.global.publicisgroupe.net with PID 54631 (started by humahmed1 in /Users/humahmed1/Documents/cmp-mock-gcp/cmp-mock-customer-es)
2021-04-22 14:10:10 [INFO  ] RetailCustomerApplicationTest – No active profile set, falling back to default profiles: default
2021-04-22 14:10:11 [INFO  ] RetailCustomerApplicationTest – Started RetailCustomerApplicationTest in 1.006 seconds (JVM running for 5.657)
2021-04-22 14:10:12 [INFO  ] RetailCustomerApplicationTest – Starting RetailCustomerApplicationTest using Java 1.8.0_282 on WKMZT8FE2C3F.global.publicisgroupe.net with PID 54631 (started by humahmed1 in /Users/humahmed1/Documents/cmp-mock-gcp/cmp-mock-customer-es)
2021-04-22 14:10:12 [INFO  ] RetailCustomerApplicationTest – No active profile set, falling back to default profiles: default
2021-04-22 14:10:12 [INFO  ] RetailCustomerApplicationTest – Started RetailCustomerApplicationTest in 0.965 seconds (JVM running for 6.804)
2021-04-22 14:10:13 [INFO  ] RetailCustomerApplicationTest – Starting RetailCustomerApplicationTest using Java 1.8.0_282 on WKMZT8FE2C3F.global.publicisgroupe.net with PID 54631 (started by humahmed1 in /Users/humahmed1/Documents/cmp-mock-gcp/cmp-mock-customer-es)
2021-04-22 14:10:13 [INFO  ] RetailCustomerApplicationTest – No active profile set, falling back to default profiles: default
2021-04-22 14:10:13 [INFO  ] RetailCustomerApplicationTest – Started RetailCustomerApplicationTest in 0.912 seconds (JVM running for 7.783)
2021-04-22 14:15:38 [INFO  ] RetailCustomerApplicationTest – Starting RetailCustomerApplicationTest using Java 1.8.0_282 on WKMZT8FE2C3F.global.publicisgroupe.net with PID 57105 (started by humahmed1 in /Users/humahmed1/Documents/cmp-mock-gcp/cmp-mock-customer-es)
2021-04-22 14:15:38 [INFO  ] RetailCustomerApplicationTest – No active profile set, falling back to default profiles: default
2021-04-22 14:15:42 [INFO  ] RetailCustomerApplicationTest – Started RetailCustomerApplicationTest in 3.486 seconds (JVM running for 4.602)
2021-04-22 14:15:42 [INFO  ] RetailCustomerApplicationTest – Starting RetailCustomerApplicationTest using Java 1.8.0_282 on WKMZT8FE2C3F.global.publicisgroupe.net with PID 57105 (started by humahmed1 in /Users/humahmed1/Documents/cmp-mock-gcp/cmp-mock-customer-es)
2021-04-22 14:15:42 [INFO  ] RetailCustomerApplicationTest – No active profile set, falling back to default profiles: default
2021-04-22 14:15:43 [INFO  ] RetailCustomerApplicationTest – Started RetailCustomerApplicationTest in 0.916 seconds (JVM running for 5.661)
2021-04-22 14:15:43 [INFO  ] RetailCustomerApplicationTest – Starting RetailCustomerApplicationTest using Java 1.8.0_282 on WKMZT8FE2C3F.global.publicisgroupe.net with PID 57105 (started by humahmed1 in /Users/humahmed1/Documents/cmp-mock-gcp/cmp-mock-customer-es)
2021-04-22 14:15:43 [INFO  ] RetailCustomerApplicationTest – No active profile set, falling back to default profiles: default
2021-04-22 14:15:44 [INFO  ] RetailCustomerApplicationTest – Started RetailCustomerApplicationTest in 0.879 seconds (JVM running for 6.708)
2021-04-22 14:15:44 [INFO  ] RetailCustomerApplicationTest – Starting RetailCustomerApplicationTest using Java 1.8.0_282 on WKMZT8FE2C3F.global.publicisgroupe.net with PID 57105 (started by humahmed1 in /Users/humahmed1/Documents/cmp-mock-gcp/cmp-mock-customer-es)
2021-04-22 14:15:44 [INFO  ] RetailCustomerApplicationTest – No active profile set, falling back to default profiles: default
2021-04-22 14:15:45 [INFO  ] RetailCustomerApplicationTest – Started RetailCustomerApplicationTest in 0.927 seconds (JVM running for 7.697)
2021-04-22 14:15:53 [INFO  ] RetailCustomerApplicationTest – Starting RetailCustomerApplicationTest using Java 15.0.1 on WKMZT8FE2C3F.global.publicisgroupe.net with PID 57174 (started by humahmed1 in /Users/humahmed1/Documents/cmp-mock-gcp/cmp-mock-customer-es)
2021-04-22 14:15:53 [INFO  ] RetailCustomerApplicationTest – No active profile set, falling back to default profiles: default
2021-04-22 14:15:56 [INFO  ] RetailCustomerApplicationTest – Started RetailCustomerApplicationTest in 2.525 seconds (JVM running for 3.421)
2021-04-22 14:15:56 [INFO  ] RetailCustomerApplicationTest – Starting RetailCustomerApplicationTest using Java 15.0.1 on WKMZT8FE2C3F.global.publicisgroupe.net with PID 57174 (started by humahmed1 in /Users/humahmed1/Documents/cmp-mock-gcp/cmp-mock-customer-es)
2021-04-22 14:15:56 [INFO  ] RetailCustomerApplicationTest – No active profile set, falling back to default profiles: default
2021-04-22 14:15:57 [INFO  ] RetailCustomerApplicationTest – Started RetailCustomerApplicationTest in 0.604 seconds (JVM running for 4.207)
2021-04-22 14:15:57 [INFO  ] RetailCustomerApplicationTest – Starting RetailCustomerApplicationTest using Java 15.0.1 on WKMZT8FE2C3F.global.publicisgroupe.net with PID 57174 (started by humahmed1 in /Users/humahmed1/Documents/cmp-mock-gcp/cmp-mock-customer-es)
2021-04-22 14:15:57 [INFO  ] RetailCustomerApplicationTest – No active profile set, falling back to default profiles: default
2021-04-22 14:15:57 [INFO  ] RetailCustomerApplicationTest – Started RetailCustomerApplicationTest in 0.591 seconds (JVM running for 4.911)
2021-04-22 14:15:57 [INFO  ] RetailCustomerApplicationTest – Starting RetailCustomerApplicationTest using Java 15.0.1 on WKMZT8FE2C3F.global.publicisgroupe.net with PID 57174 (started by humahmed1 in /Users/humahmed1/Documents/cmp-mock-gcp/cmp-mock-customer-es)
2021-04-22 14:15:57 [INFO  ] RetailCustomerApplicationTest – No active profile set, falling back to default profiles: default
2021-04-22 14:15:58 [INFO  ] RetailCustomerApplicationTest – Started RetailCustomerApplicationTest in 0.526 seconds (JVM running for 5.483)
2021-04-22 14:21:15 [INFO  ] RetailCustomerApplicationTest – Starting RetailCustomerApplicationTest using Java 15.0.1 on WKMZT8FE2C3F.global.publicisgroupe.net with PID 58379 (started by humahmed1 in /Users/humahmed1/Documents/cmp-mock-gcp/cmp-mock-customer-es)
2021-04-22 14:21:15 [INFO  ] RetailCustomerApplicationTest – No active profile set, falling back to default profiles: default
2021-04-22 14:21:17 [INFO  ] RetailCustomerApplicationTest – Started RetailCustomerApplicationTest in 2.908 seconds (JVM running for 3.85)
2021-04-22 14:21:17 [INFO  ] RetailCustomerApplicationTest – Starting RetailCustomerApplicationTest using Java 15.0.1 on WKMZT8FE2C3F.global.publicisgroupe.net with PID 58379 (started by humahmed1 in /Users/humahmed1/Documents/cmp-mock-gcp/cmp-mock-customer-es)
2021-04-22 14:21:17 [INFO  ] RetailCustomerApplicationTest – No active profile set, falling back to default profiles: default
2021-04-22 14:21:18 [INFO  ] RetailCustomerApplicationTest – Started RetailCustomerApplicationTest in 0.663 seconds (JVM running for 4.725)
2021-04-22 14:21:18 [INFO  ] RetailCustomerApplicationTest – Starting RetailCustomerApplicationTest using Java 15.0.1 on WKMZT8FE2C3F.global.publicisgroupe.net with PID 58379 (started by humahmed1 in /Users/humahmed1/Documents/cmp-mock-gcp/cmp-mock-customer-es)
2021-04-22 14:21:18 [INFO  ] RetailCustomerApplicationTest – No active profile set, falling back to default profiles: default
2021-04-22 14:21:19 [INFO  ] RetailCustomerApplicationTest – Started RetailCustomerApplicationTest in 0.619 seconds (JVM running for 5.472)
2021-04-22 14:21:19 [INFO  ] RetailCustomerApplicationTest – Starting RetailCustomerApplicationTest using Java 15.0.1 on WKMZT8FE2C3F.global.publicisgroupe.net with PID 58379 (started by humahmed1 in /Users/humahmed1/Documents/cmp-mock-gcp/cmp-mock-customer-es)
2021-04-22 14:21:19 [INFO  ] RetailCustomerApplicationTest – No active profile set, falling back to default profiles: default
2021-04-22 14:21:20 [INFO  ] RetailCustomerApplicationTest – Started RetailCustomerApplicationTest in 0.583 seconds (JVM running for 6.112)
2021-04-22 14:37:33 [INFO  ] RetailCustomerApplication – Starting RetailCustomerApplication using Java 1.8.0_282 on WKMZT8FE2C3F.global.publicisgroupe.net with PID 61932 (/Users/humahmed1/Documents/cmp-mock-gcp/cmp-mock-customer-es/target/classes started by humahmed1 in /Users/humahmed1/Documents/cmp-mock-gcp/cmp-mock-customer-es)
2021-04-22 14:37:33 [INFO  ] RetailCustomerApplication – No active profile set, falling back to default profiles: default
2021-04-22 14:37:37 [INFO  ] RetailCustomerApplication – Started RetailCustomerApplication in 3.606 seconds (JVM running for 4.364)
2021-04-22 14:42:27 [INFO  ] RetailCustomerApplication – Starting RetailCustomerApplication using Java 1.8.0_282 on WKMZT8FE2C3F.global.publicisgroupe.net with PID 62979 (/Users/humahmed1/Documents/cmp-mock-gcp/cmp-mock-customer-es/target/classes started by humahmed1 in /Users/humahmed1/Documents/cmp-mock-gcp/cmp-mock-customer-es)
2021-04-22 14:42:27 [INFO  ] RetailCustomerApplication – No active profile set, falling back to default profiles: default
2021-04-22 14:42:30 [INFO  ] RetailCustomerApplication – Started RetailCustomerApplication in 3.189 seconds (JVM running for 3.893)
2021-04-22 14:54:02 [INFO  ] RetailCustomerApplicationTest – Starting RetailCustomerApplicationTest using Java 1.8.0_282 on WKMZT8FE2C3F.global.publicisgroupe.net with PID 65988 (started by humahmed1 in /Users/humahmed1/Documents/cmp-mock-gcp/cmp-mock-customer-es)
2021-04-22 14:54:02 [INFO  ] RetailCustomerApplicationTest – No active profile set, falling back to default profiles: default
2021-04-22 14:54:05 [INFO  ] RetailCustomerApplicationTest – Started RetailCustomerApplicationTest in 3.614 seconds (JVM running for 4.73)
2021-04-22 14:54:05 [INFO  ] RetailCustomerApplicationTest – Starting RetailCustomerApplicationTest using Java 1.8.0_282 on WKMZT8FE2C3F.global.publicisgroupe.net with PID 65988 (started by humahmed1 in /Users/humahmed1/Documents/cmp-mock-gcp/cmp-mock-customer-es)
2021-04-22 14:54:05 [INFO  ] RetailCustomerApplicationTest – No active profile set, falling back to default profiles: default
2021-04-22 14:54:06 [INFO  ] RetailCustomerApplicationTest – Started RetailCustomerApplicationTest in 1.006 seconds (JVM running for 5.877)
2021-04-22 14:54:06 [INFO  ] RetailCustomerApplicationTest – Starting RetailCustomerApplicationTest using Java 1.8.0_282 on WKMZT8FE2C3F.global.publicisgroupe.net with PID 65988 (started by humahmed1 in /Users/humahmed1/Documents/cmp-mock-gcp/cmp-mock-customer-es)
2021-04-22 14:54:06 [INFO  ] RetailCustomerApplicationTest – No active profile set, falling back to default profiles: default
2021-04-22 14:54:07 [INFO  ] RetailCustomerApplicationTest – Started RetailCustomerApplicationTest in 0.934 seconds (JVM running for 6.999)
2021-04-22 14:54:07 [INFO  ] RetailCustomerApplicationTest – Starting RetailCustomerApplicationTest using Java 1.8.0_282 on WKMZT8FE2C3F.global.publicisgroupe.net with PID 65988 (started by humahmed1 in /Users/humahmed1/Documents/cmp-mock-gcp/cmp-mock-customer-es)
2021-04-22 14:54:07 [INFO  ] RetailCustomerApplicationTest – No active profile set, falling back to default profiles: default
2021-04-22 14:54:08 [INFO  ] RetailCustomerApplicationTest – Started RetailCustomerApplicationTest in 0.855 seconds (JVM running for 7.936)
2021-04-22 14:54:15 [INFO  ] RetailCustomerApplicationTest – Starting RetailCustomerApplicationTest using Java 15.0.1 on WKMZT8FE2C3F.global.publicisgroupe.net with PID 66067 (started by humahmed1 in /Users/humahmed1/Documents/cmp-mock-gcp/cmp-mock-customer-es)
2021-04-22 14:54:15 [INFO  ] RetailCustomerApplicationTest – No active profile set, falling back to default profiles: default
2021-04-22 14:54:18 [INFO  ] RetailCustomerApplicationTest – Started RetailCustomerApplicationTest in 2.996 seconds (JVM running for 3.886)
2021-04-22 14:54:18 [INFO  ] RetailCustomerApplicationTest – Starting RetailCustomerApplicationTest using Java 15.0.1 on WKMZT8FE2C3F.global.publicisgroupe.net with PID 66067 (started by humahmed1 in /Users/humahmed1/Documents/cmp-mock-gcp/cmp-mock-customer-es)
2021-04-22 14:54:18 [INFO  ] RetailCustomerApplicationTest – No active profile set, falling back to default profiles: default
2021-04-22 14:54:19 [INFO  ] RetailCustomerApplicationTest – Started RetailCustomerApplicationTest in 0.734 seconds (JVM running for 4.819)
2021-04-22 14:54:19 [INFO  ] RetailCustomerApplicationTest – Starting RetailCustomerApplicationTest using Java 15.0.1 on WKMZT8FE2C3F.global.publicisgroupe.net with PID 66067 (started by humahmed1 in /Users/humahmed1/Documents/cmp-mock-gcp/cmp-mock-customer-es)
2021-04-22 14:54:19 [INFO  ] RetailCustomerApplicationTest – No active profile set, falling back to default profiles: default
2021-04-22 14:54:20 [INFO  ] RetailCustomerApplicationTest – Started RetailCustomerApplicationTest in 0.676 seconds (JVM running for 5.635)
2021-04-22 14:54:20 [INFO  ] RetailCustomerApplicationTest – Starting RetailCustomerApplicationTest using Java 15.0.1 on WKMZT8FE2C3F.global.publicisgroupe.net with PID 66067 (started by humahmed1 in /Users/humahmed1/Documents/cmp-mock-gcp/cmp-mock-customer-es)
2021-04-22 14:54:20 [INFO  ] RetailCustomerApplicationTest – No active profile set, falling back to default profiles: default
2021-04-22 14:54:21 [INFO  ] RetailCustomerApplicationTest – Started RetailCustomerApplicationTest in 0.635 seconds (JVM running for 6.331)
2021-04-22 14:55:02 [INFO  ] RetailCustomerApplicationTest – Starting RetailCustomerApplicationTest using Java 15.0.1 on WKMZT8FE2C3F.global.publicisgroupe.net with PID 66298 (started by humahmed1 in /Users/humahmed1/Documents/cmp-mock-gcp/cmp-mock-customer-es)
2021-04-22 14:55:02 [INFO  ] RetailCustomerApplicationTest – No active profile set, falling back to default profiles: default
2021-04-22 14:55:05 [INFO  ] RetailCustomerApplicationTest – Started RetailCustomerApplicationTest in 2.799 seconds (JVM running for 3.626)
2021-04-22 14:55:05 [INFO  ] RetailCustomerApplicationTest – Starting RetailCustomerApplicationTest using Java 15.0.1 on WKMZT8FE2C3F.global.publicisgroupe.net with PID 66298 (started by humahmed1 in /Users/humahmed1/Documents/cmp-mock-gcp/cmp-mock-customer-es)
2021-04-22 14:55:05 [INFO  ] RetailCustomerApplicationTest – No active profile set, falling back to default profiles: default
2021-04-22 14:55:06 [INFO  ] RetailCustomerApplicationTest – Started RetailCustomerApplicationTest in 0.752 seconds (JVM running for 4.585)
2021-04-22 14:55:06 [INFO  ] RetailCustomerApplicationTest – Starting RetailCustomerApplicationTest using Java 15.0.1 on WKMZT8FE2C3F.global.publicisgroupe.net with PID 66298 (started by humahmed1 in /Users/humahmed1/Documents/cmp-mock-gcp/cmp-mock-customer-es)
2021-04-22 14:55:06 [INFO  ] RetailCustomerApplicationTest – No active profile set, falling back to default profiles: default
2021-04-22 14:55:07 [INFO  ] RetailCustomerApplicationTest – Started RetailCustomerApplicationTest in 0.69 seconds (JVM running for 5.416)
2021-04-22 14:55:07 [INFO  ] RetailCustomerApplicationTest – Starting RetailCustomerApplicationTest using Java 15.0.1 on WKMZT8FE2C3F.global.publicisgroupe.net with PID 66298 (started by humahmed1 in /Users/humahmed1/Documents/cmp-mock-gcp/cmp-mock-customer-es)
2021-04-22 14:55:07 [INFO  ] RetailCustomerApplicationTest – No active profile set, falling back to default profiles: default
2021-04-22 14:55:07 [INFO  ] RetailCustomerApplicationTest – Started RetailCustomerApplicationTest in 0.63 seconds (JVM running for 6.101)
2021-04-22 14:55:16 [INFO  ] RetailCustomerApplication – Starting RetailCustomerApplication using Java 1.8.0_282 on WKMZT8FE2C3F.global.publicisgroupe.net with PID 66351 (/Users/humahmed1/Documents/cmp-mock-gcp/cmp-mock-customer-es/target/classes started by humahmed1 in /Users/humahmed1/Documents/cmp-mock-gcp/cmp-mock-customer-es)
2021-04-22 14:55:16 [INFO  ] RetailCustomerApplication – No active profile set, falling back to default profiles: default
2021-04-22 14:55:19 [INFO  ] RetailCustomerApplication – Started RetailCustomerApplication in 3.338 seconds (JVM running for 4.074)
2021-04-22 15:01:01 [INFO  ] RetailCustomerApplicationTest – Starting RetailCustomerApplicationTest using Java 15.0.1 on WKMZT8FE2C3F.global.publicisgroupe.net with PID 67714 (started by humahmed1 in /Users/humahmed1/Documents/cmp-mock-gcp/cmp-mock-customer-es)
2021-04-22 15:01:01 [INFO  ] RetailCustomerApplicationTest – No active profile set, falling back to default profiles: default
2021-04-22 15:01:04 [INFO  ] RetailCustomerApplicationTest – Started RetailCustomerApplicationTest in 2.562 seconds (JVM running for 3.384)
2021-04-22 15:01:04 [INFO  ] RetailCustomerApplicationTest – Starting RetailCustomerApplicationTest using Java 15.0.1 on WKMZT8FE2C3F.global.publicisgroupe.net with PID 67714 (started by humahmed1 in /Users/humahmed1/Documents/cmp-mock-gcp/cmp-mock-customer-es)
2021-04-22 15:01:04 [INFO  ] RetailCustomerApplicationTest – No active profile set, falling back to default profiles: default
2021-04-22 15:01:04 [INFO  ] RetailCustomerApplicationTest – Started RetailCustomerApplicationTest in 0.648 seconds (JVM running for 4.196)
2021-04-22 15:01:05 [INFO  ] RetailCustomerApplicationTest – Starting RetailCustomerApplicationTest using Java 15.0.1 on WKMZT8FE2C3F.global.publicisgroupe.net with PID 67714 (started by humahmed1 in /Users/humahmed1/Documents/cmp-mock-gcp/cmp-mock-customer-es)
2021-04-22 15:01:05 [INFO  ] RetailCustomerApplicationTest – No active profile set, falling back to default profiles: default
2021-04-22 15:01:05 [INFO  ] RetailCustomerApplicationTest – Started RetailCustomerApplicationTest in 0.591 seconds (JVM running for 4.906)
2021-04-22 15:01:05 [INFO  ] RetailCustomerApplicationTest – Starting RetailCustomerApplicationTest using Java 15.0.1 on WKMZT8FE2C3F.global.publicisgroupe.net with PID 67714 (started by humahmed1 in /Users/humahmed1/Documents/cmp-mock-gcp/cmp-mock-customer-es)
2021-04-22 15:01:05 [INFO  ] RetailCustomerApplicationTest – No active profile set, falling back to default profiles: default
2021-04-22 15:01:06 [INFO  ] RetailCustomerApplicationTest – Started RetailCustomerApplicationTest in 0.564 seconds (JVM running for 5.522)
2021-04-23 10:05:17 [INFO  ] RetailCustomerApplicationTest – Starting RetailCustomerApplicationTest using Java 15.0.1 on WKMZT8FE2C3F.global.publicisgroupe.net with PID 89573 (started by humahmed1 in /Users/humahmed1/Documents/cmp-mock-gcp/cmp-mock-customer-es)
2021-04-23 10:05:17 [INFO  ] RetailCustomerApplicationTest – No active profile set, falling back to default profiles: default
2021-04-23 10:05:20 [INFO  ] RetailCustomerApplicationTest – Started RetailCustomerApplicationTest in 3.147 seconds (JVM running for 4.245)
2021-04-23 10:05:20 [INFO  ] RetailCustomerApplicationTest – Starting RetailCustomerApplicationTest using Java 15.0.1 on WKMZT8FE2C3F.global.publicisgroupe.net with PID 89573 (started by humahmed1 in /Users/humahmed1/Documents/cmp-mock-gcp/cmp-mock-customer-es)
2021-04-23 10:05:20 [INFO  ] RetailCustomerApplicationTest – No active profile set, falling back to default profiles: default
2021-04-23 10:05:20 [INFO  ] RetailCustomerApplicationTest – Started RetailCustomerApplicationTest in 0.612 seconds (JVM running for 5.056)
2021-04-23 10:05:21 [INFO  ] RetailCustomerApplicationTest – Starting RetailCustomerApplicationTest using Java 15.0.1 on WKMZT8FE2C3F.global.publicisgroupe.net with PID 89573 (started by humahmed1 in /Users/humahmed1/Documents/cmp-mock-gcp/cmp-mock-customer-es)
2021-04-23 10:05:21 [INFO  ] RetailCustomerApplicationTest – No active profile set, falling back to default profiles: default
2021-04-23 10:05:21 [INFO  ] RetailCustomerApplicationTest – Started RetailCustomerApplicationTest in 0.598 seconds (JVM running for 5.803)
2021-04-23 10:05:21 [INFO  ] RetailCustomerApplicationTest – Starting RetailCustomerApplicationTest using Java 15.0.1 on WKMZT8FE2C3F.global.publicisgroupe.net with PID 89573 (started by humahmed1 in /Users/humahmed1/Documents/cmp-mock-gcp/cmp-mock-customer-es)
2021-04-23 10:05:21 [INFO  ] RetailCustomerApplicationTest – No active profile set, falling back to default profiles: default
2021-04-23 10:05:22 [INFO  ] RetailCustomerApplicationTest – Started RetailCustomerApplicationTest in 0.545 seconds (JVM running for 6.41)
2021-04-23 10:11:46 [INFO  ] RetailCustomerApplication – Starting RetailCustomerApplication using Java 1.8.0_282 on WKMZT8FE2C3F.global.publicisgroupe.net with PID 90901 (/Users/humahmed1/Documents/cmp-mock-gcp/cmp-mock-customer-es/target/classes started by humahmed1 in /Users/humahmed1/Documents/cmp-mock-gcp/cmp-mock-customer-es)
2021-04-23 10:11:46 [INFO  ] RetailCustomerApplication – No active profile set, falling back to default profiles: default
2021-04-23 10:11:50 [INFO  ] RetailCustomerApplication – Started RetailCustomerApplication in 4.816 seconds (JVM running for 5.802)
2021-04-23 11:36:51 [INFO  ] RetailCustomerApplicationTest – Starting RetailCustomerApplicationTest using Java 15.0.1 on WKMZT8FE2C3F.global.publicisgroupe.net with PID 9311 (started by humahmed1 in /Users/humahmed1/Documents/cmp-mock-gcp/cmp-mock-customer-es)
2021-04-23 11:36:51 [INFO  ] RetailCustomerApplicationTest – No active profile set, falling back to default profiles: default
2021-04-23 11:36:54 [INFO  ] RetailCustomerApplicationTest – Started RetailCustomerApplicationTest in 3.295 seconds (JVM running for 4.612)
2021-04-23 11:36:54 [INFO  ] RetailCustomerApplicationTest – Starting RetailCustomerApplicationTest using Java 15.0.1 on WKMZT8FE2C3F.global.publicisgroupe.net with PID 9311 (started by humahmed1 in /Users/humahmed1/Documents/cmp-mock-gcp/cmp-mock-customer-es)
2021-04-23 11:36:54 [INFO  ] RetailCustomerApplicationTest – No active profile set, falling back to default profiles: default
2021-04-23 11:36:55 [INFO  ] RetailCustomerApplicationTest – Started RetailCustomerApplicationTest in 0.875 seconds (JVM running for 5.698)
2021-04-23 11:36:55 [INFO  ] RetailCustomerApplicationTest – Starting RetailCustomerApplicationTest using Java 15.0.1 on WKMZT8FE2C3F.global.publicisgroupe.net with PID 9311 (started by humahmed1 in /Users/humahmed1/Documents/cmp-mock-gcp/cmp-mock-customer-es)
2021-04-23 11:36:55 [INFO  ] RetailCustomerApplicationTest – No active profile set, falling back to default profiles: default
2021-04-23 11:36:56 [INFO  ] RetailCustomerApplicationTest – Started RetailCustomerApplicationTest in 0.769 seconds (JVM running for 6.65)
2021-04-23 11:36:56 [INFO  ] RetailCustomerApplicationTest – Starting RetailCustomerApplicationTest using Java 15.0.1 on WKMZT8FE2C3F.global.publicisgroupe.net with PID 9311 (started by humahmed1 in /Users/humahmed1/Documents/cmp-mock-gcp/cmp-mock-customer-es)
2021-04-23 11:36:56 [INFO  ] RetailCustomerApplicationTest – No active profile set, falling back to default profiles: default
2021-04-23 11:36:57 [INFO  ] RetailCustomerApplicationTest – Started RetailCustomerApplicationTest in 0.677 seconds (JVM running for 7.4)
2021-04-23 11:39:58 [INFO  ] RetailCustomerApplication – Starting RetailCustomerApplication using Java 1.8.0_282 on WKMZT8FE2C3F.global.publicisgroupe.net with PID 10102 (/Users/humahmed1/Documents/cmp-mock-gcp/cmp-mock-customer-es/target/classes started by humahmed1 in /Users/humahmed1/Documents/cmp-mock-gcp/cmp-mock-customer-es)
2021-04-23 11:39:58 [INFO  ] RetailCustomerApplication – No active profile set, falling back to default profiles: default
2021-04-23 11:40:01 [INFO  ] RetailCustomerApplication – Started RetailCustomerApplication in 3.586 seconds (JVM running for 4.463)
2021-04-23 11:41:48 [INFO  ] RetailCustomerApplication – Starting RetailCustomerApplication using Java 1.8.0_282 on WKMZT8FE2C3F.global.publicisgroupe.net with PID 10102 (/Users/humahmed1/Documents/cmp-mock-gcp/cmp-mock-customer-es/target/classes started by humahmed1 in /Users/humahmed1/Documents/cmp-mock-gcp/cmp-mock-customer-es)
2021-04-23 11:41:48 [INFO  ] RetailCustomerApplication – No active profile set, falling back to default profiles: default
2021-04-23 11:41:49 [INFO  ] RetailCustomerApplication – Started RetailCustomerApplication in 0.928 seconds (JVM running for 112.764)
2021-04-23 11:41:51 [INFO  ] RetailCustomerApplication – Starting RetailCustomerApplication using Java 1.8.0_282 on WKMZT8FE2C3F.global.publicisgroupe.net with PID 10102 (/Users/humahmed1/Documents/cmp-mock-gcp/cmp-mock-customer-es/target/classes started by humahmed1 in /Users/humahmed1/Documents/cmp-mock-gcp/cmp-mock-customer-es)
2021-04-23 11:41:51 [INFO  ] RetailCustomerApplication – No active profile set, falling back to default profiles: default
2021-04-23 11:41:52 [INFO  ] RetailCustomerApplication – Started RetailCustomerApplication in 0.515 seconds (JVM running for 115.044)
2021-04-23 11:44:42 [INFO  ] RetailCustomerApplication – Starting RetailCustomerApplication using Java 1.8.0_282 on WKMZT8FE2C3F.global.publicisgroupe.net with PID 11420 (/Users/humahmed1/Documents/cmp-mock-gcp/cmp-mock-customer-es/target/classes started by humahmed1 in /Users/humahmed1/Documents/cmp-mock-gcp/cmp-mock-customer-es)
2021-04-23 11:44:42 [INFO  ] RetailCustomerApplication – No active profile set, falling back to default profiles: default
2021-04-23 11:44:45 [INFO  ] RetailCustomerApplication – Started RetailCustomerApplication in 3.431 seconds (JVM running for 4.215)
2021-04-23 12:01:09 [INFO  ] RetailCustomerApplication – Starting RetailCustomerApplication using Java 1.8.0_282 on WKMZT8FE2C3F.global.publicisgroupe.net with PID 14832 (/Users/humahmed1/Documents/cmp-mock-gcp/cmp-mock-customer-es/target/classes started by humahmed1 in /Users/humahmed1/Documents/cmp-mock-gcp/cmp-mock-customer-es)
2021-04-23 12:01:09 [INFO  ] RetailCustomerApplication – No active profile set, falling back to default profiles: default
2021-04-23 12:01:12 [INFO  ] RetailCustomerApplication – Started RetailCustomerApplication in 3.402 seconds (JVM running for 4.607)
2021-04-23 12:05:07 [INFO  ] RetailCustomerApplication – Starting RetailCustomerApplication using Java 1.8.0_282 on WKMZT8FE2C3F.global.publicisgroupe.net with PID 14832 (/Users/humahmed1/Documents/cmp-mock-gcp/cmp-mock-customer-es/target/classes started by humahmed1 in /Users/humahmed1/Documents/cmp-mock-gcp/cmp-mock-customer-es)
2021-04-23 12:05:07 [INFO  ] RetailCustomerApplication – No active profile set, falling back to default profiles: default
2021-04-23 12:05:08 [INFO  ] RetailCustomerApplication – Started RetailCustomerApplication in 0.941 seconds (JVM running for 240.155)
2021-04-23 12:05:09 [INFO  ] RetailCustomerApplication – Starting RetailCustomerApplication using Java 1.8.0_282 on WKMZT8FE2C3F.global.publicisgroupe.net with PID 14832 (/Users/humahmed1/Documents/cmp-mock-gcp/cmp-mock-customer-es/target/classes started by humahmed1 in /Users/humahmed1/Documents/cmp-mock-gcp/cmp-mock-customer-es)
2021-04-23 12:05:09 [INFO  ] RetailCustomerApplication – No active profile set, falling back to default profiles: default
2021-04-23 12:05:10 [INFO  ] RetailCustomerApplication – Started RetailCustomerApplication in 0.47 seconds (JVM running for 242.36)
2021-04-23 12:06:29 [INFO  ] RetailCustomerApplication – Starting RetailCustomerApplication using Java 1.8.0_282 on WKMZT8FE2C3F.global.publicisgroupe.net with PID 14832 (/Users/humahmed1/Documents/cmp-mock-gcp/cmp-mock-customer-es/target/classes started by humahmed1 in /Users/humahmed1/Documents/cmp-mock-gcp/cmp-mock-customer-es)
2021-04-23 12:06:29 [INFO  ] RetailCustomerApplication – No active profile set, falling back to default profiles: default
2021-04-23 12:06:29 [INFO  ] RetailCustomerApplication – Started RetailCustomerApplication in 0.547 seconds (JVM running for 321.754)
2021-04-23 12:06:45 [INFO  ] RetailCustomerApplication – Starting RetailCustomerApplication using Java 1.8.0_282 on WKMZT8FE2C3F.global.publicisgroupe.net with PID 16156 (/Users/humahmed1/Documents/cmp-mock-gcp/cmp-mock-customer-es/target/classes started by humahmed1 in /Users/humahmed1/Documents/cmp-mock-gcp/cmp-mock-customer-es)
2021-04-23 12:06:45 [INFO  ] RetailCustomerApplication – No active profile set, falling back to default profiles: default
2021-04-23 12:06:48 [INFO  ] RetailCustomerApplication – Started RetailCustomerApplication in 3.953 seconds (JVM running for 4.756)
2021-04-23 12:17:34 [INFO  ] RetailCustomerApplication – Starting RetailCustomerApplication using Java 1.8.0_282 on WKMZT8FE2C3F.global.publicisgroupe.net with PID 18706 (/Users/humahmed1/Documents/cmp-mock-gcp/cmp-mock-customer-es/target/classes started by humahmed1 in /Users/humahmed1/Documents/cmp-mock-gcp/cmp-mock-customer-es)
2021-04-23 12:17:34 [INFO  ] RetailCustomerApplication – No active profile set, falling back to default profiles: default
2021-04-23 12:17:37 [INFO  ] RetailCustomerApplication – Started RetailCustomerApplication in 4.078 seconds (JVM running for 5.119)
2021-04-23 12:18:46 [INFO  ] RetailCustomerApplication – Starting RetailCustomerApplication using Java 1.8.0_282 on WKMZT8FE2C3F.global.publicisgroupe.net with PID 18706 (/Users/humahmed1/Documents/cmp-mock-gcp/cmp-mock-customer-es/target/classes started by humahmed1 in /Users/humahmed1/Documents/cmp-mock-gcp/cmp-mock-customer-es)
2021-04-23 12:18:46 [INFO  ] RetailCustomerApplication – No active profile set, falling back to default profiles: default
2021-04-23 12:18:48 [INFO  ] RetailCustomerApplication – Starting RetailCustomerApplication using Java 1.8.0_282 on WKMZT8FE2C3F.global.publicisgroupe.net with PID 18706 (/Users/humahmed1/Documents/cmp-mock-gcp/cmp-mock-customer-es/target/classes started by humahmed1 in /Users/humahmed1/Documents/cmp-mock-gcp/cmp-mock-customer-es)
2021-04-23 12:18:48 [INFO  ] RetailCustomerApplication – No active profile set, falling back to default profiles: default
2021-04-23 12:18:49 [INFO  ] RetailCustomerApplication – Started RetailCustomerApplication in 0.758 seconds (JVM running for 77.041)
2021-04-23 12:24:59 [INFO  ] RetailCustomerApplication – Starting RetailCustomerApplication using Java 1.8.0_282 on WKMZT8FE2C3F.global.publicisgroupe.net with PID 18706 (/Users/humahmed1/Documents/cmp-mock-gcp/cmp-mock-customer-es/target/classes started by humahmed1 in /Users/humahmed1/Documents/cmp-mock-gcp/cmp-mock-customer-es)
2021-04-23 12:24:59 [INFO  ] RetailCustomerApplication – No active profile set, falling back to default profiles: default
2021-04-23 12:25:01 [INFO  ] RetailCustomerApplication – Starting RetailCustomerApplication using Java 1.8.0_282 on WKMZT8FE2C3F.global.publicisgroupe.net with PID 18706 (/Users/humahmed1/Documents/cmp-mock-gcp/cmp-mock-customer-es/target/classes started by humahmed1 in /Users/humahmed1/Documents/cmp-mock-gcp/cmp-mock-customer-es)
2021-04-23 12:25:01 [INFO  ] RetailCustomerApplication – No active profile set, falling back to default profiles: default
2021-04-23 12:25:02 [INFO  ] RetailCustomerApplication – Started RetailCustomerApplication in 0.987 seconds (JVM running for 450.38)
2021-04-23 12:26:42 [INFO  ] RetailCustomerApplication – Starting RetailCustomerApplication using Java 1.8.0_282 on WKMZT8FE2C3F.global.publicisgroupe.net with PID 18706 (/Users/humahmed1/Documents/cmp-mock-gcp/cmp-mock-customer-es/target/classes started by humahmed1 in /Users/humahmed1/Documents/cmp-mock-gcp/cmp-mock-customer-es)
2021-04-23 12:26:42 [INFO  ] RetailCustomerApplication – No active profile set, falling back to default profiles: default
2021-04-23 12:26:43 [INFO  ] RetailCustomerApplication – Started RetailCustomerApplication in 0.704 seconds (JVM running for 550.92)
2021-04-23 12:26:45 [INFO  ] RetailCustomerApplication – Starting RetailCustomerApplication using Java 1.8.0_282 on WKMZT8FE2C3F.global.publicisgroupe.net with PID 18706 (/Users/humahmed1/Documents/cmp-mock-gcp/cmp-mock-customer-es/target/classes started by humahmed1 in /Users/humahmed1/Documents/cmp-mock-gcp/cmp-mock-customer-es)
2021-04-23 12:26:45 [INFO  ] RetailCustomerApplication – No active profile set, falling back to default profiles: default
2021-04-23 12:26:45 [INFO  ] RetailCustomerApplication – Started RetailCustomerApplication in 0.413 seconds (JVM running for 553.04)
2021-04-23 12:32:33 [INFO  ] RetailCustomerApplication – Starting RetailCustomerApplication using Java 1.8.0_282 on WKMZT8FE2C3F.global.publicisgroupe.net with PID 21975 (/Users/humahmed1/Documents/cmp-mock-gcp/cmp-mock-customer-es/target/classes started by humahmed1 in /Users/humahmed1/Documents/cmp-mock-gcp/cmp-mock-customer-es)
2021-04-23 12:32:33 [INFO  ] RetailCustomerApplication – No active profile set, falling back to default profiles: default
2021-04-23 12:32:37 [INFO  ] RetailCustomerApplication – Started RetailCustomerApplication in 3.785 seconds (JVM running for 4.888)
2021-04-23 12:32:53 [INFO  ] RetailCustomerApplication – Starting RetailCustomerApplication using Java 1.8.0_282 on WKMZT8FE2C3F.global.publicisgroupe.net with PID 21975 (/Users/humahmed1/Documents/cmp-mock-gcp/cmp-mock-customer-es/target/classes started by humahmed1 in /Users/humahmed1/Documents/cmp-mock-gcp/cmp-mock-customer-es)
2021-04-23 12:32:53 [INFO  ] RetailCustomerApplication – No active profile set, falling back to default profiles: default
2021-04-23 12:32:54 [INFO  ] RetailCustomerApplication – Started RetailCustomerApplication in 0.809 seconds (JVM running for 22.322)
2021-04-23 12:32:56 [INFO  ] RetailCustomerApplication – Starting RetailCustomerApplication using Java 1.8.0_282 on WKMZT8FE2C3F.global.publicisgroupe.net with PID 21975 (/Users/humahmed1/Documents/cmp-mock-gcp/cmp-mock-customer-es/target/classes started by humahmed1 in /Users/humahmed1/Documents/cmp-mock-gcp/cmp-mock-customer-es)
2021-04-23 12:32:56 [INFO  ] RetailCustomerApplication – No active profile set, falling back to default profiles: default
2021-04-23 12:32:56 [INFO  ] RetailCustomerApplication – Started RetailCustomerApplication in 0.47 seconds (JVM running for 24.568)
2021-04-23 12:33:32 [INFO  ] RetailCustomerApplication – Starting RetailCustomerApplication using Java 1.8.0_282 on WKMZT8FE2C3F.global.publicisgroupe.net with PID 21975 (/Users/humahmed1/Documents/cmp-mock-gcp/cmp-mock-customer-es/target/classes started by humahmed1 in /Users/humahmed1/Documents/cmp-mock-gcp/cmp-mock-customer-es)
2021-04-23 12:33:32 [INFO  ] RetailCustomerApplication – No active profile set, falling back to default profiles: default
2021-04-23 12:33:33 [INFO  ] RetailCustomerApplication – Started RetailCustomerApplication in 0.761 seconds (JVM running for 61.363)
2021-04-23 12:33:35 [INFO  ] RetailCustomerApplication – Starting RetailCustomerApplication using Java 1.8.0_282 on WKMZT8FE2C3F.global.publicisgroupe.net with PID 21975 (/Users/humahmed1/Documents/cmp-mock-gcp/cmp-mock-customer-es/target/classes started by humahmed1 in /Users/humahmed1/Documents/cmp-mock-gcp/cmp-mock-customer-es)
2021-04-23 12:33:35 [INFO  ] RetailCustomerApplication – No active profile set, falling back to default profiles: default
2021-04-23 12:33:35 [INFO  ] RetailCustomerApplication – Started RetailCustomerApplication in 0.452 seconds (JVM running for 63.575)
2021-04-23 12:38:32 [INFO  ] RetailCustomerApplication – Starting RetailCustomerApplication using Java 1.8.0_282 on WKMZT8FE2C3F.global.publicisgroupe.net with PID 23457 (/Users/humahmed1/Documents/cmp-mock-gcp/cmp-mock-customer-es/target/classes started by humahmed1 in /Users/humahmed1/Documents/cmp-mock-gcp/cmp-mock-customer-es)
2021-04-23 12:38:32 [INFO  ] RetailCustomerApplication – No active profile set, falling back to default profiles: default
2021-04-23 12:38:36 [INFO  ] RetailCustomerApplication – Started RetailCustomerApplication in 4.066 seconds (JVM running for 5.081)
2021-04-23 12:42:46 [INFO  ] RetailCustomerApplication – Starting RetailCustomerApplication using Java 1.8.0_282 on WKMZT8FE2C3F.global.publicisgroupe.net with PID 24485 (/Users/humahmed1/Documents/cmp-mock-gcp/cmp-mock-customer-es/target/classes started by humahmed1 in /Users/humahmed1/Documents/cmp-mock-gcp/cmp-mock-customer-es)
2021-04-23 12:42:46 [INFO  ] RetailCustomerApplication – No active profile set, falling back to default profiles: default
2021-04-23 12:42:49 [INFO  ] RetailCustomerApplication – Started RetailCustomerApplication in 3.744 seconds (JVM running for 4.733)
2021-04-23 12:46:03 [INFO  ] RetailCustomerApplication – Starting RetailCustomerApplication using Java 1.8.0_282 on WKMZT8FE2C3F.global.publicisgroupe.net with PID 25221 (/Users/humahmed1/Documents/cmp-mock-gcp/cmp-mock-customer-es/target/classes started by humahmed1 in /Users/humahmed1/Documents/cmp-mock-gcp/cmp-mock-customer-es)
2021-04-23 12:46:03 [INFO  ] RetailCustomerApplication – No active profile set, falling back to default profiles: default
2021-04-23 12:46:06 [INFO  ] RetailCustomerApplication – Started RetailCustomerApplication in 3.852 seconds (JVM running for 4.745)
2021-04-23 15:16:54 [INFO  ] RetailCustomerApplication – Starting RetailCustomerApplication using Java 1.8.0_282 on WKMZT8FE2C3F.global.publicisgroupe.net with PID 25221 (/Users/humahmed1/Documents/cmp-mock-gcp/cmp-mock-customer-es/target/classes started by humahmed1 in /Users/humahmed1/Documents/cmp-mock-gcp/cmp-mock-customer-es)
2021-04-23 15:16:54 [INFO  ] RetailCustomerApplication – No active profile set, falling back to default profiles: default
2021-04-23 15:16:55 [INFO  ] RetailCustomerApplication – Started RetailCustomerApplication in 1.374 seconds (JVM running for 6918.507)
2021-04-23 15:16:57 [INFO  ] RetailCustomerApplication – Starting RetailCustomerApplication using Java 1.8.0_282 on WKMZT8FE2C3F.global.publicisgroupe.net with PID 25221 (/Users/humahmed1/Documents/cmp-mock-gcp/cmp-mock-customer-es/target/classes started by humahmed1 in /Users/humahmed1/Documents/cmp-mock-gcp/cmp-mock-customer-es)
2021-04-23 15:16:57 [INFO  ] RetailCustomerApplication – No active profile set, falling back to default profiles: default
2021-04-23 15:16:57 [INFO  ] RetailCustomerApplication – Started RetailCustomerApplication in 0.62 seconds (JVM running for 6920.872)
2021-04-23 15:18:19 [INFO  ] RetailCustomerApplication – Starting RetailCustomerApplication using Java 1.8.0_282 on WKMZT8FE2C3F.global.publicisgroupe.net with PID 25221 (/Users/humahmed1/Documents/cmp-mock-gcp/cmp-mock-customer-es/target/classes started by humahmed1 in /Users/humahmed1/Documents/cmp-mock-gcp/cmp-mock-customer-es)
2021-04-23 15:18:19 [INFO  ] RetailCustomerApplication – No active profile set, falling back to default profiles: default
2021-04-23 15:18:20 [INFO  ] RetailCustomerApplication – Started RetailCustomerApplication in 1.18 seconds (JVM running for 7003.771)
2021-04-23 15:18:22 [INFO  ] RetailCustomerApplication – Starting RetailCustomerApplication using Java 1.8.0_282 on WKMZT8FE2C3F.global.publicisgroupe.net with PID 25221 (/Users/humahmed1/Documents/cmp-mock-gcp/cmp-mock-customer-es/target/classes started by humahmed1 in /Users/humahmed1/Documents/cmp-mock-gcp/cmp-mock-customer-es)
2021-04-23 15:18:22 [INFO  ] RetailCustomerApplication – No active profile set, falling back to default profiles: default
2021-04-23 15:18:23 [INFO  ] RetailCustomerApplication – Started RetailCustomerApplication in 0.591 seconds (JVM running for 7006.077)
2021-04-23 15:20:23 [INFO  ] RetailCustomerApplication – Starting RetailCustomerApplication using Java 1.8.0_282 on WKMZT8FE2C3F.global.publicisgroupe.net with PID 25221 (/Users/humahmed1/Documents/cmp-mock-gcp/cmp-mock-customer-es/target/classes started by humahmed1 in /Users/humahmed1/Documents/cmp-mock-gcp/cmp-mock-customer-es)
2021-04-23 15:20:23 [INFO  ] RetailCustomerApplication – No active profile set, falling back to default profiles: default
2021-04-23 15:20:24 [INFO  ] RetailCustomerApplication – Started RetailCustomerApplication in 0.973 seconds (JVM running for 7127.901)
2021-04-23 15:20:26 [INFO  ] RetailCustomerApplication – Starting RetailCustomerApplication using Java 1.8.0_282 on WKMZT8FE2C3F.global.publicisgroupe.net with PID 25221 (/Users/humahmed1/Documents/cmp-mock-gcp/cmp-mock-customer-es/target/classes started by humahmed1 in /Users/humahmed1/Documents/cmp-mock-gcp/cmp-mock-customer-es)
2021-04-23 15:20:26 [INFO  ] RetailCustomerApplication – No active profile set, falling back to default profiles: default
2021-04-23 15:20:27 [INFO  ] RetailCustomerApplication – Started RetailCustomerApplication in 0.723 seconds (JVM running for 7130.387)
2021-04-23 15:24:06 [INFO  ] RetailCustomerApplication – Starting RetailCustomerApplication using Java 1.8.0_282 on WKMZT8FE2C3F.global.publicisgroupe.net with PID 25221 (/Users/humahmed1/Documents/cmp-mock-gcp/cmp-mock-customer-es/target/classes started by humahmed1 in /Users/humahmed1/Documents/cmp-mock-gcp/cmp-mock-customer-es)
2021-04-23 15:24:06 [INFO  ] RetailCustomerApplication – No active profile set, falling back to default profiles: default
2021-04-23 15:24:06 [INFO  ] RetailCustomerApplication – Started RetailCustomerApplication in 0.828 seconds (JVM running for 7349.83)
2021-04-23 15:24:08 [INFO  ] RetailCustomerApplication – Starting RetailCustomerApplication using Java 1.8.0_282 on WKMZT8FE2C3F.global.publicisgroupe.net with PID 25221 (/Users/humahmed1/Documents/cmp-mock-gcp/cmp-mock-customer-es/target/classes started by humahmed1 in /Users/humahmed1/Documents/cmp-mock-gcp/cmp-mock-customer-es)
2021-04-23 15:24:08 [INFO  ] RetailCustomerApplication – No active profile set, falling back to default profiles: default
2021-04-23 15:24:09 [INFO  ] RetailCustomerApplication – Started RetailCustomerApplication in 0.499 seconds (JVM running for 7352.044)
2021-04-23 15:39:42 [INFO  ] RetailCustomerApplication – Starting RetailCustomerApplication using Java 1.8.0_282 on WKMZT8FE2C3F.global.publicisgroupe.net with PID 52762 (/Users/humahmed1/Documents/cmp-mock-gcp/cmp-mock-customer-es/target/classes started by humahmed1 in /Users/humahmed1/Documents/cmp-mock-gcp/cmp-mock-customer-es)
2021-04-23 15:39:42 [INFO  ] RetailCustomerApplication – No active profile set, falling back to default profiles: default
2021-04-23 15:39:45 [INFO  ] RetailCustomerApplication – Started RetailCustomerApplication in 3.536 seconds (JVM running for 4.405)
2021-04-23 15:51:11 [INFO  ] RetailCustomerApplication – Starting RetailCustomerApplication using Java 1.8.0_282 on WKMZT8FE2C3F.global.publicisgroupe.net with PID 52762 (/Users/humahmed1/Documents/cmp-mock-gcp/cmp-mock-customer-es/target/classes started by humahmed1 in /Users/humahmed1/Documents/cmp-mock-gcp/cmp-mock-customer-es)
2021-04-23 15:51:11 [INFO  ] RetailCustomerApplication – No active profile set, falling back to default profiles: default
2021-04-23 15:51:12 [INFO  ] RetailCustomerApplication – Started RetailCustomerApplication in 1.039 seconds (JVM running for 691.437)
2021-04-23 15:51:14 [INFO  ] RetailCustomerApplication – Starting RetailCustomerApplication using Java 1.8.0_282 on WKMZT8FE2C3F.global.publicisgroupe.net with PID 52762 (/Users/humahmed1/Documents/cmp-mock-gcp/cmp-mock-customer-es/target/classes started by humahmed1 in /Users/humahmed1/Documents/cmp-mock-gcp/cmp-mock-customer-es)
2021-04-23 15:51:14 [INFO  ] RetailCustomerApplication – No active profile set, falling back to default profiles: default
2021-04-23 15:51:15 [INFO  ] RetailCustomerApplication – Started RetailCustomerApplication in 0.709 seconds (JVM running for 693.919)
2021-04-23 15:52:08 [INFO  ] RetailCustomerApplication – Starting RetailCustomerApplication using Java 1.8.0_282 on WKMZT8FE2C3F.global.publicisgroupe.net with PID 52762 (/Users/humahmed1/Documents/cmp-mock-gcp/cmp-mock-customer-es/target/classes started by humahmed1 in /Users/humahmed1/Documents/cmp-mock-gcp/cmp-mock-customer-es)
2021-04-23 15:52:08 [INFO  ] RetailCustomerApplication – No active profile set, falling back to default profiles: default
2021-04-23 15:52:10 [INFO  ] RetailCustomerApplication – Starting RetailCustomerApplication using Java 1.8.0_282 on WKMZT8FE2C3F.global.publicisgroupe.net with PID 52762 (/Users/humahmed1/Documents/cmp-mock-gcp/cmp-mock-customer-es/target/classes started by humahmed1 in /Users/humahmed1/Documents/cmp-mock-gcp/cmp-mock-customer-es)
2021-04-23 15:52:10 [INFO  ] RetailCustomerApplication – No active profile set, falling back to default profiles: default
2021-04-23 15:52:11 [INFO  ] RetailCustomerApplication – Started RetailCustomerApplication in 1.079 seconds (JVM running for 750.151)
2021-04-23 16:08:13 [INFO  ] RetailCustomerApplication – Starting RetailCustomerApplication using Java 1.8.0_282 on WKMZT8FE2C3F.global.publicisgroupe.net with PID 52762 (/Users/humahmed1/Documents/cmp-mock-gcp/cmp-mock-customer-es/target/classes started by humahmed1 in /Users/humahmed1/Documents/cmp-mock-gcp/cmp-mock-customer-es)
2021-04-23 16:08:13 [INFO  ] RetailCustomerApplication – No active profile set, falling back to default profiles: default
2021-04-23 16:08:14 [INFO  ] RetailCustomerApplication – Started RetailCustomerApplication in 0.664 seconds (JVM running for 1712.906)
2021-04-23 16:08:15 [INFO  ] RetailCustomerApplication – Starting RetailCustomerApplication using Java 1.8.0_282 on WKMZT8FE2C3F.global.publicisgroupe.net with PID 52762 (/Users/humahmed1/Documents/cmp-mock-gcp/cmp-mock-customer-es/target/classes started by humahmed1 in /Users/humahmed1/Documents/cmp-mock-gcp/cmp-mock-customer-es)
2021-04-23 16:08:15 [INFO  ] RetailCustomerApplication – No active profile set, falling back to default profiles: default
2021-04-23 16:08:16 [INFO  ] RetailCustomerApplication – Started RetailCustomerApplication in 0.403 seconds (JVM running for 1715.052)
2021-04-23 16:09:31 [INFO  ] RetailCustomerApplication – Starting RetailCustomerApplication using Java 1.8.0_282 on WKMZT8FE2C3F.global.publicisgroupe.net with PID 52762 (/Users/humahmed1/Documents/cmp-mock-gcp/cmp-mock-customer-es/target/classes started by humahmed1 in /Users/humahmed1/Documents/cmp-mock-gcp/cmp-mock-customer-es)
2021-04-23 16:09:31 [INFO  ] RetailCustomerApplication – No active profile set, falling back to default profiles: default
2021-04-23 16:09:33 [INFO  ] RetailCustomerApplication – Starting RetailCustomerApplication using Java 1.8.0_282 on WKMZT8FE2C3F.global.publicisgroupe.net with PID 52762 (/Users/humahmed1/Documents/cmp-mock-gcp/cmp-mock-customer-es/target/classes started by humahmed1 in /Users/humahmed1/Documents/cmp-mock-gcp/cmp-mock-customer-es)
2021-04-23 16:09:33 [INFO  ] RetailCustomerApplication – No active profile set, falling back to default profiles: default
2021-04-23 16:09:34 [INFO  ] RetailCustomerApplication – Started RetailCustomerApplication in 0.828 seconds (JVM running for 1793.071)
2021-04-23 16:32:15 [INFO  ] RetailCustomerApplication – Starting RetailCustomerApplication using Java 1.8.0_282 on WKMZT8FE2C3F.global.publicisgroupe.net with PID 52762 (/Users/humahmed1/Documents/cmp-mock-gcp/cmp-mock-customer-es/target/classes started by humahmed1 in /Users/humahmed1/Documents/cmp-mock-gcp/cmp-mock-customer-es)
2021-04-23 16:32:15 [INFO  ] RetailCustomerApplication – No active profile set, falling back to default profiles: default
2021-04-23 16:32:16 [INFO  ] RetailCustomerApplication – Started RetailCustomerApplication in 1.126 seconds (JVM running for 3154.998)
2021-04-23 16:34:26 [INFO  ] RetailCustomerApplication – Starting RetailCustomerApplication using Java 1.8.0_282 on WKMZT8FE2C3F.global.publicisgroupe.net with PID 52762 (/Users/humahmed1/Documents/cmp-mock-gcp/cmp-mock-customer-es/target/classes started by humahmed1 in /Users/humahmed1/Documents/cmp-mock-gcp/cmp-mock-customer-es)
2021-04-23 16:34:26 [INFO  ] RetailCustomerApplication – No active profile set, falling back to default profiles: default
2021-04-23 16:34:26 [INFO  ] RetailCustomerApplication – Started RetailCustomerApplication in 0.502 seconds (JVM running for 3285.4)
2021-04-23 16:45:37 [INFO  ] RetailCustomerApplication – Starting RetailCustomerApplication using Java 1.8.0_282 on WKMZT8FE2C3F.global.publicisgroupe.net with PID 67159 (/Users/humahmed1/Documents/cmp-mock-gcp/cmp-mock-customer-es/target/classes started by humahmed1 in /Users/humahmed1/Documents/cmp-mock-gcp/cmp-mock-customer-es)
2021-04-23 16:45:37 [INFO  ] RetailCustomerApplication – No active profile set, falling back to default profiles: default
2021-04-23 16:45:41 [INFO  ] RetailCustomerApplication – Started RetailCustomerApplication in 4.164 seconds (JVM running for 5.041)
2021-04-23 16:45:46 [INFO  ] RetailCustomerApplication – Starting RetailCustomerApplication using Java 1.8.0_282 on WKMZT8FE2C3F.global.publicisgroupe.net with PID 67159 (/Users/humahmed1/Documents/cmp-mock-gcp/cmp-mock-customer-es/target/classes started by humahmed1 in /Users/humahmed1/Documents/cmp-mock-gcp/cmp-mock-customer-es)
2021-04-23 16:45:46 [INFO  ] RetailCustomerApplication – No active profile set, falling back to default profiles: default
2021-04-23 16:45:47 [INFO  ] RetailCustomerApplication – Started RetailCustomerApplication in 1.049 seconds (JVM running for 10.708)
2021-04-23 16:45:49 [INFO  ] RetailCustomerApplication – Starting RetailCustomerApplication using Java 1.8.0_282 on WKMZT8FE2C3F.global.publicisgroupe.net with PID 67159 (/Users/humahmed1/Documents/cmp-mock-gcp/cmp-mock-customer-es/target/classes started by humahmed1 in /Users/humahmed1/Documents/cmp-mock-gcp/cmp-mock-customer-es)
2021-04-23 16:45:49 [INFO  ] RetailCustomerApplication – No active profile set, falling back to default profiles: default
2021-04-23 16:45:49 [INFO  ] RetailCustomerApplication – Started RetailCustomerApplication in 0.907 seconds (JVM running for 13.397)
2021-04-23 16:51:28 [INFO  ] RetailCustomerApplication – Starting RetailCustomerApplication using Java 1.8.0_282 on WKMZT8FE2C3F.global.publicisgroupe.net with PID 68636 (/Users/humahmed1/Documents/cmp-mock-gcp/cmp-mock-customer-es/target/classes started by humahmed1 in /Users/humahmed1/Documents/cmp-mock-gcp/cmp-mock-customer-es)
2021-04-23 16:51:28 [INFO  ] RetailCustomerApplication – No active profile set, falling back to default profiles: default
2021-04-23 16:51:32 [INFO  ] RetailCustomerApplication – Started RetailCustomerApplication in 4.539 seconds (JVM running for 5.359)
