2021-02-03 12:34:40 [INFO  ] CmpApplication – Starting CmpApplication using Java 15.0.2 on WKMZT8FE2C3F.global.publicisgroupe.net with PID 71125 (/Users/humahmed1/Documents/cmp/target/classes started by humahmed1 in /Users/humahmed1/Documents/cmp)
2021-02-03 12:34:40 [INFO  ] CmpApplication – No active profile set, falling back to default profiles: default
2021-02-03 12:34:42 [INFO  ] CmpApplication – Started CmpApplication in 2.905 seconds (JVM running for 3.689)
2021-02-03 12:34:45 [INFO  ] RabbitMQConsumer – Received Message: Customer Sarah Jane retrieved
2021-02-03 12:34:45 [ERROR ] RabbitMQConsumer – error
2021-02-04 14:04:48 [INFO  ] CmpApplication – Starting CmpApplication using Java 15.0.2 on WKMZT8FE2C3F.global.publicisgroupe.net with PID 80500 (/Users/humahmed1/Documents/cmp/target/classes started by humahmed1 in /Users/humahmed1/Documents/cmp)
2021-02-04 14:04:48 [INFO  ] CmpApplication – No active profile set, falling back to default profiles: default
2021-02-04 14:07:27 [INFO  ] CmpApplication – Starting CmpApplication using Java 15.0.2 on WKMZT8FE2C3F.global.publicisgroupe.net with PID 81125 (/Users/humahmed1/Documents/cmp/target/classes started by humahmed1 in /Users/humahmed1/Documents/cmp)
2021-02-04 14:07:27 [INFO  ] CmpApplication – No active profile set, falling back to default profiles: default
2021-02-04 14:07:30 [INFO  ] CmpApplication – Started CmpApplication in 3.884 seconds (JVM running for 4.617)
2021-04-13 13:59:37 [INFO  ] CmpApplication – Starting CmpApplication using Java 15.0.1 on WKMZT8FE2C3F.global.publicisgroupe.net with PID 59582 (/Users/humahmed1/Documents/cmp-mock-customer/target/classes started by humahmed1 in /Users/humahmed1/Documents/cmp-mock-customer)
2021-04-13 13:59:37 [INFO  ] CmpApplication – No active profile set, falling back to default profiles: default
2021-04-13 14:02:32 [INFO  ] CmpApplication – Starting CmpApplication using Java 15.0.1 on WKMZT8FE2C3F.global.publicisgroupe.net with PID 60163 (/Users/humahmed1/Documents/cmp-mock-customer/target/classes started by humahmed1 in /Users/humahmed1/Documents/cmp-mock-customer)
2021-04-13 14:02:32 [INFO  ] CmpApplication – No active profile set, falling back to default profiles: default
2021-04-13 14:02:34 [INFO  ] CmpApplication – Started CmpApplication in 2.3 seconds (JVM running for 2.819)
2021-04-13 16:56:07 [INFO  ] CmpApplication – Starting CmpApplication using Java 15.0.1 on WKMZT8FE2C3F.global.publicisgroupe.net with PID 7247 (/Users/humahmed1/Documents/cmp-mock-customer/target/classes started by humahmed1 in /Users/humahmed1/Documents/cmp-mock-customer)
2021-04-13 16:56:07 [INFO  ] CmpApplication – No active profile set, falling back to default profiles: default
2021-04-13 16:56:10 [INFO  ] CmpApplication – Started CmpApplication in 3.138 seconds (JVM running for 3.885)
2021-04-14 01:03:55 [INFO  ] CmpApplication – Starting CmpApplication using Java 15.0.1 on WKMZT8FE2C3F.global.publicisgroupe.net with PID 46242 (/Users/humahmed1/Documents/cmp-mock-customer/target/classes started by humahmed1 in /Users/humahmed1/Documents/cmp-mock-customer)
2021-04-14 01:03:55 [INFO  ] CmpApplication – No active profile set, falling back to default profiles: default
2021-04-14 01:03:58 [INFO  ] CmpApplication – Started CmpApplication in 2.67 seconds (JVM running for 3.351)
2021-04-14 01:20:05 [INFO  ] CmpApplication – Starting CmpApplication using Java 15.0.1 on WKMZT8FE2C3F.global.publicisgroupe.net with PID 49723 (/Users/humahmed1/Documents/cmp-mock-gcp/cmp-mock-customer/target/classes started by humahmed1 in /Users/humahmed1/Documents/cmp-mock-gcp/cmp-mock-customer)
2021-04-14 01:20:05 [INFO  ] CmpApplication – No active profile set, falling back to default profiles: default
2021-04-14 01:20:08 [INFO  ] CmpApplication – Started CmpApplication in 3.204 seconds (JVM running for 3.98)
2021-04-14 01:48:38 [INFO  ] CmpApplication – Starting CmpApplication using Java 15.0.1 on WKMZT8FE2C3F.global.publicisgroupe.net with PID 55627 (/Users/humahmed1/Documents/cmp-mock-gcp/cmp-mock-customer/target/classes started by humahmed1 in /Users/humahmed1/Documents/cmp-mock-gcp/cmp-mock-customer)
2021-04-14 01:48:38 [INFO  ] CmpApplication – No active profile set, falling back to default profiles: default
2021-04-14 01:48:41 [INFO  ] CmpApplication – Started CmpApplication in 3.246 seconds (JVM running for 4.119)
2021-04-14 01:56:17 [INFO  ] CmpApplication – Starting CmpApplication using Java 15.0.1 on WKMZT8FE2C3F.global.publicisgroupe.net with PID 57150 (/Users/humahmed1/Documents/cmp-mock-gcp/cmp-mock-customer/target/classes started by humahmed1 in /Users/humahmed1/Documents/cmp-mock-gcp/cmp-mock-customer)
2021-04-14 01:56:17 [INFO  ] CmpApplication – No active profile set, falling back to default profiles: default
2021-04-14 01:56:19 [INFO  ] CmpApplication – Started CmpApplication in 2.686 seconds (JVM running for 3.311)
2021-04-14 01:58:34 [INFO  ] CmpApplication – Starting CmpApplication using Java 15.0.1 on WKMZT8FE2C3F.global.publicisgroupe.net with PID 57616 (/Users/humahmed1/Documents/cmp-mock-gcp/cmp-mock-customer/target/classes started by humahmed1 in /Users/humahmed1/Documents/cmp-mock-gcp/cmp-mock-customer)
2021-04-14 01:58:34 [INFO  ] CmpApplication – No active profile set, falling back to default profiles: default
2021-04-14 01:58:36 [INFO  ] CmpApplication – Started CmpApplication in 2.865 seconds (JVM running for 3.506)
2021-04-14 02:04:50 [INFO  ] CmpApplication – Starting CmpApplication using Java 15.0.1 on WKMZT8FE2C3F.global.publicisgroupe.net with PID 58988 (/Users/humahmed1/Documents/cmp-mock-gcp/cmp-mock-customer/target/classes started by humahmed1 in /Users/humahmed1/Documents/cmp-mock-gcp/cmp-mock-customer)
2021-04-14 02:04:50 [INFO  ] CmpApplication – No active profile set, falling back to default profiles: default
2021-04-14 02:04:53 [INFO  ] CmpApplication – Started CmpApplication in 3.434 seconds (JVM running for 4.588)
2021-04-14 02:08:57 [INFO  ] CmpApplication – Starting CmpApplication using Java 15.0.1 on WKMZT8FE2C3F.global.publicisgroupe.net with PID 59808 (/Users/humahmed1/Documents/cmp-mock-gcp/cmp-mock-customer/target/classes started by humahmed1 in /Users/humahmed1/Documents/cmp-mock-gcp/cmp-mock-customer)
2021-04-14 02:08:57 [INFO  ] CmpApplication – No active profile set, falling back to default profiles: default
2021-04-14 02:09:00 [INFO  ] CmpApplication – Started CmpApplication in 3.062 seconds (JVM running for 3.676)
2021-04-14 02:11:00 [INFO  ] CmpApplication – Starting CmpApplication using Java 15.0.1 on WKMZT8FE2C3F.global.publicisgroupe.net with PID 60231 (/Users/humahmed1/Documents/cmp-mock-gcp/cmp-mock-customer/target/classes started by humahmed1 in /Users/humahmed1/Documents/cmp-mock-gcp/cmp-mock-customer)
2021-04-14 02:11:00 [INFO  ] CmpApplication – No active profile set, falling back to default profiles: default
2021-04-14 02:11:03 [INFO  ] CmpApplication – Started CmpApplication in 3.022 seconds (JVM running for 3.631)
2021-04-14 02:11:50 [INFO  ] CmpApplication – Starting CmpApplication using Java 15.0.1 on WKMZT8FE2C3F.global.publicisgroupe.net with PID 60422 (/Users/humahmed1/Documents/cmp-mock-gcp/cmp-mock-customer/target/classes started by humahmed1 in /Users/humahmed1/Documents/cmp-mock-gcp/cmp-mock-customer)
2021-04-14 02:11:50 [INFO  ] CmpApplication – No active profile set, falling back to default profiles: default
2021-04-14 02:11:54 [INFO  ] CmpApplication – Started CmpApplication in 3.649 seconds (JVM running for 4.276)
2021-04-14 02:15:09 [INFO  ] CmpApplication – Starting CmpApplication using Java 15.0.1 on WKMZT8FE2C3F.global.publicisgroupe.net with PID 61086 (/Users/humahmed1/Documents/cmp-mock-gcp/cmp-mock-customer/target/classes started by humahmed1 in /Users/humahmed1/Documents/cmp-mock-gcp/cmp-mock-customer)
2021-04-14 02:15:09 [INFO  ] CmpApplication – No active profile set, falling back to default profiles: default
2021-04-14 02:15:11 [INFO  ] CmpApplication – Started CmpApplication in 3.133 seconds (JVM running for 3.768)
2021-04-14 10:49:01 [INFO  ] CmpApplication – Starting CmpApplication using Java 15.0.1 on WKMZT8FE2C3F.global.publicisgroupe.net with PID 66438 (/Users/humahmed1/Documents/cmp-mock-gcp/cmp-mock-customer/target/classes started by humahmed1 in /Users/humahmed1/Documents/cmp-mock-gcp/cmp-mock-customer)
2021-04-14 10:49:01 [INFO  ] CmpApplication – No active profile set, falling back to default profiles: default
2021-04-14 10:51:17 [INFO  ] CmpApplication – Starting CmpApplication using Java 15.0.1 on WKMZT8FE2C3F.global.publicisgroupe.net with PID 67032 (/Users/humahmed1/Documents/cmp-mock-gcp/cmp-mock-customer/target/classes started by humahmed1 in /Users/humahmed1/Documents/cmp-mock-gcp/cmp-mock-customer)
2021-04-14 10:51:17 [INFO  ] CmpApplication – No active profile set, falling back to default profiles: default
2021-04-14 10:56:36 [INFO  ] CmpApplication – Starting CmpApplication using Java 15.0.1 on WKMZT8FE2C3F.global.publicisgroupe.net with PID 68168 (/Users/humahmed1/Documents/cmp-mock-gcp/cmp-mock-customer/target/classes started by humahmed1 in /Users/humahmed1/Documents/cmp-mock-gcp/cmp-mock-customer)
2021-04-14 10:56:36 [INFO  ] CmpApplication – No active profile set, falling back to default profiles: default
2021-04-14 10:56:39 [INFO  ] CmpApplication – Started CmpApplication in 2.867 seconds (JVM running for 3.496)
2021-04-14 12:03:18 [INFO  ] CmpApplication – Starting CmpApplication using Java 15.0.1 on WKMZT8FE2C3F.global.publicisgroupe.net with PID 81039 (/Users/humahmed1/Documents/cmp-mock-gcp/cmp-mock-customer/target/classes started by humahmed1 in /Users/humahmed1/Documents/cmp-mock-gcp/cmp-mock-customer)
2021-04-14 12:03:18 [INFO  ] CmpApplication – No active profile set, falling back to default profiles: default
2021-04-14 12:03:21 [INFO  ] CmpApplication – Started CmpApplication in 3.219 seconds (JVM running for 4.307)
2021-04-14 12:11:47 [INFO  ] CmpApplication – Starting CmpApplication using Java 15.0.1 on WKMZT8FE2C3F.global.publicisgroupe.net with PID 82719 (/Users/humahmed1/Documents/cmp-mock-gcp/cmp-mock-customer/target/classes started by humahmed1 in /Users/humahmed1/Documents/cmp-mock-gcp/cmp-mock-customer)
2021-04-14 12:11:47 [INFO  ] CmpApplication – No active profile set, falling back to default profiles: default
2021-04-14 12:16:29 [INFO  ] CmpApplication – Starting CmpApplication using Java 15.0.1 on WKMZT8FE2C3F.global.publicisgroupe.net with PID 83655 (/Users/humahmed1/Documents/cmp-mock-gcp/cmp-mock-customer/target/classes started by humahmed1 in /Users/humahmed1/Documents/cmp-mock-gcp/cmp-mock-customer)
2021-04-14 12:16:29 [INFO  ] CmpApplication – No active profile set, falling back to default profiles: default
2021-04-14 12:17:10 [INFO  ] CmpApplication – Starting CmpApplication using Java 15.0.1 on WKMZT8FE2C3F.global.publicisgroupe.net with PID 83812 (/Users/humahmed1/Documents/cmp-mock-gcp/cmp-mock-customer/target/classes started by humahmed1 in /Users/humahmed1/Documents/cmp-mock-gcp/cmp-mock-customer)
2021-04-14 12:17:10 [INFO  ] CmpApplication – No active profile set, falling back to default profiles: default
2021-04-14 12:20:37 [INFO  ] CmpApplication – Starting CmpApplication using Java 15.0.1 on WKMZT8FE2C3F.global.publicisgroupe.net with PID 84522 (/Users/humahmed1/Documents/cmp-mock-gcp/cmp-mock-customer/target/classes started by humahmed1 in /Users/humahmed1/Documents/cmp-mock-gcp/cmp-mock-customer)
2021-04-14 12:20:38 [INFO  ] CmpApplication – No active profile set, falling back to default profiles: default
2021-04-14 12:20:40 [INFO  ] CmpApplication – Started CmpApplication in 2.805 seconds (JVM running for 3.51)
2021-04-14 12:21:58 [INFO  ] CmpApplication – Starting CmpApplication using Java 15.0.1 on WKMZT8FE2C3F.global.publicisgroupe.net with PID 84802 (/Users/humahmed1/Documents/cmp-mock-gcp/cmp-mock-customer/target/classes started by humahmed1 in /Users/humahmed1/Documents/cmp-mock-gcp/cmp-mock-customer)
2021-04-14 12:21:58 [INFO  ] CmpApplication – No active profile set, falling back to default profiles: default
2021-04-14 12:22:00 [INFO  ] CmpApplication – Started CmpApplication in 2.491 seconds (JVM running for 3.078)
2021-04-14 12:33:05 [INFO  ] CmpApplication – Starting CmpApplication using Java 15.0.1 on WKMZT8FE2C3F.global.publicisgroupe.net with PID 87039 (/Users/humahmed1/Documents/cmp-mock-gcp/cmp-mock-customer/target/classes started by humahmed1 in /Users/humahmed1/Documents/cmp-mock-gcp/cmp-mock-customer)
2021-04-14 12:33:05 [INFO  ] CmpApplication – No active profile set, falling back to default profiles: default
2021-04-14 12:33:07 [INFO  ] CmpApplication – Started CmpApplication in 2.543 seconds (JVM running for 3.118)
2021-04-14 12:33:44 [INFO  ] CmpApplication – Starting CmpApplication using Java 15.0.1 on WKMZT8FE2C3F.global.publicisgroupe.net with PID 87198 (/Users/humahmed1/Documents/cmp-mock-gcp/cmp-mock-customer/target/classes started by humahmed1 in /Users/humahmed1/Documents/cmp-mock-gcp/cmp-mock-customer)
2021-04-14 12:33:44 [INFO  ] CmpApplication – No active profile set, falling back to default profiles: default
2021-04-14 12:33:46 [INFO  ] CmpApplication – Started CmpApplication in 2.467 seconds (JVM running for 3.072)
2021-04-14 12:34:54 [INFO  ] CmpApplication – Starting CmpApplication using Java 15.0.1 on WKMZT8FE2C3F.global.publicisgroupe.net with PID 87449 (/Users/humahmed1/Documents/cmp-mock-gcp/cmp-mock-customer/target/classes started by humahmed1 in /Users/humahmed1/Documents/cmp-mock-gcp/cmp-mock-customer)
2021-04-14 12:34:54 [INFO  ] CmpApplication – No active profile set, falling back to default profiles: default
2021-04-14 12:34:56 [INFO  ] CmpApplication – Started CmpApplication in 2.469 seconds (JVM running for 3.065)
2021-04-14 12:38:17 [INFO  ] CmpApplication – Starting CmpApplication using Java 15.0.1 on WKMZT8FE2C3F.global.publicisgroupe.net with PID 88133 (/Users/humahmed1/Documents/cmp-mock-gcp/cmp-mock-customer/target/classes started by humahmed1 in /Users/humahmed1/Documents/cmp-mock-gcp/cmp-mock-customer)
2021-04-14 12:38:17 [INFO  ] CmpApplication – No active profile set, falling back to default profiles: default
2021-04-14 12:38:20 [INFO  ] CmpApplication – Started CmpApplication in 2.562 seconds (JVM running for 3.144)
2021-04-14 12:42:10 [INFO  ] CmpApplication – Starting CmpApplication using Java 15.0.1 on WKMZT8FE2C3F.global.publicisgroupe.net with PID 88914 (/Users/humahmed1/Documents/cmp-mock-gcp/cmp-mock-customer/target/classes started by humahmed1 in /Users/humahmed1/Documents/cmp-mock-gcp/cmp-mock-customer)
2021-04-14 12:42:10 [INFO  ] CmpApplication – No active profile set, falling back to default profiles: default
2021-04-14 12:42:12 [INFO  ] CmpApplication – Started CmpApplication in 2.463 seconds (JVM running for 3.048)
2021-04-14 12:43:58 [INFO  ] CmpApplication – Starting CmpApplication using Java 15.0.1 on WKMZT8FE2C3F.global.publicisgroupe.net with PID 89285 (/Users/humahmed1/Documents/cmp-mock-gcp/cmp-mock-customer/target/classes started by humahmed1 in /Users/humahmed1/Documents/cmp-mock-gcp/cmp-mock-customer)
2021-04-14 12:43:58 [INFO  ] CmpApplication – No active profile set, falling back to default profiles: default
2021-04-14 12:44:01 [INFO  ] CmpApplication – Started CmpApplication in 2.657 seconds (JVM running for 3.215)
2021-04-14 12:46:42 [INFO  ] CmpApplication – Starting CmpApplication using Java 15.0.1 on WKMZT8FE2C3F.global.publicisgroupe.net with PID 89857 (/Users/humahmed1/Documents/cmp-mock-gcp/cmp-mock-customer/target/classes started by humahmed1 in /Users/humahmed1/Documents/cmp-mock-gcp/cmp-mock-customer)
2021-04-14 12:46:42 [INFO  ] CmpApplication – No active profile set, falling back to default profiles: default
2021-04-14 12:46:45 [INFO  ] CmpApplication – Started CmpApplication in 2.624 seconds (JVM running for 3.191)
2021-04-14 12:51:24 [INFO  ] CmpApplication – Starting CmpApplication using Java 15.0.1 on WKMZT8FE2C3F.global.publicisgroupe.net with PID 90808 (/Users/humahmed1/Documents/cmp-mock-gcp/cmp-mock-customer/target/classes started by humahmed1 in /Users/humahmed1/Documents/cmp-mock-gcp/cmp-mock-customer)
2021-04-14 12:51:24 [INFO  ] CmpApplication – No active profile set, falling back to default profiles: default
2021-04-14 12:51:27 [INFO  ] CmpApplication – Started CmpApplication in 2.937 seconds (JVM running for 3.67)
2021-04-14 13:02:30 [INFO  ] CmpApplication – Starting CmpApplication using Java 15.0.1 on WKMZT8FE2C3F.global.publicisgroupe.net with PID 92976 (/Users/humahmed1/Documents/cmp-mock-gcp/cmp-mock-customer/target/classes started by humahmed1 in /Users/humahmed1/Documents/cmp-mock-gcp/cmp-mock-customer)
2021-04-14 13:02:30 [INFO  ] CmpApplication – No active profile set, falling back to default profiles: default
2021-04-14 13:02:32 [INFO  ] CmpApplication – Started CmpApplication in 2.552 seconds (JVM running for 3.14)
2021-04-14 13:06:20 [INFO  ] CmpApplication – Starting CmpApplication using Java 15.0.1 on WKMZT8FE2C3F.global.publicisgroupe.net with PID 93741 (/Users/humahmed1/Documents/cmp-mock-gcp/cmp-mock-customer/target/classes started by humahmed1 in /Users/humahmed1/Documents/cmp-mock-gcp/cmp-mock-customer)
2021-04-14 13:06:20 [INFO  ] CmpApplication – No active profile set, falling back to default profiles: default
2021-04-14 13:06:22 [INFO  ] CmpApplication – Started CmpApplication in 2.479 seconds (JVM running for 3.078)
2021-04-14 13:07:47 [INFO  ] CmpApplication – Starting CmpApplication using Java 15.0.1 on WKMZT8FE2C3F.global.publicisgroupe.net with PID 94053 (/Users/humahmed1/Documents/cmp-mock-gcp/cmp-mock-customer/target/classes started by humahmed1 in /Users/humahmed1/Documents/cmp-mock-gcp/cmp-mock-customer)
2021-04-14 13:07:47 [INFO  ] CmpApplication – No active profile set, falling back to default profiles: default
2021-04-14 13:07:49 [INFO  ] CmpApplication – Started CmpApplication in 2.19 seconds (JVM running for 2.722)
2021-04-14 13:12:44 [INFO  ] CmpApplication – Starting CmpApplication using Java 15.0.1 on WKMZT8FE2C3F.global.publicisgroupe.net with PID 95039 (/Users/humahmed1/Documents/cmp-mock-gcp/cmp-mock-customer/target/classes started by humahmed1 in /Users/humahmed1/Documents/cmp-mock-gcp/cmp-mock-customer)
2021-04-14 13:12:44 [INFO  ] CmpApplication – No active profile set, falling back to default profiles: default
2021-04-14 13:12:46 [INFO  ] CmpApplication – Started CmpApplication in 2.401 seconds (JVM running for 3.388)
2021-04-14 13:24:04 [INFO  ] CmpApplication – Starting CmpApplication using Java 15.0.1 on WKMZT8FE2C3F.global.publicisgroupe.net with PID 97257 (/Users/humahmed1/Documents/cmp-mock-gcp/cmp-mock-customer/target/classes started by humahmed1 in /Users/humahmed1/Documents/cmp-mock-gcp/cmp-mock-customer)
2021-04-14 13:24:04 [INFO  ] CmpApplication – No active profile set, falling back to default profiles: default
2021-04-14 13:24:07 [INFO  ] CmpApplication – Started CmpApplication in 2.424 seconds (JVM running for 2.987)
2021-04-14 13:27:17 [INFO  ] CmpApplication – Starting CmpApplication using Java 15.0.1 on WKMZT8FE2C3F.global.publicisgroupe.net with PID 98038 (/Users/humahmed1/Documents/cmp-mock-gcp/cmp-mock-customer/target/classes started by humahmed1 in /Users/humahmed1/Documents/cmp-mock-gcp/cmp-mock-customer)
2021-04-14 13:27:17 [INFO  ] CmpApplication – No active profile set, falling back to default profiles: default
2021-04-14 13:27:19 [INFO  ] CmpApplication – Started CmpApplication in 2.298 seconds (JVM running for 2.862)
2021-04-14 13:28:09 [INFO  ] CmpApplication – Starting CmpApplication using Java 15.0.1 on WKMZT8FE2C3F.global.publicisgroupe.net with PID 98230 (/Users/humahmed1/Documents/cmp-mock-gcp/cmp-mock-customer/target/classes started by humahmed1 in /Users/humahmed1/Documents/cmp-mock-gcp/cmp-mock-customer)
2021-04-14 13:28:09 [INFO  ] CmpApplication – No active profile set, falling back to default profiles: default
2021-04-14 13:28:12 [INFO  ] CmpApplication – Started CmpApplication in 2.355 seconds (JVM running for 2.91)
2021-04-14 13:34:43 [INFO  ] CmpApplication – Starting CmpApplication using Java 15.0.1 on WKMZT8FE2C3F.global.publicisgroupe.net with PID 99520 (/Users/humahmed1/Documents/cmp-mock-gcp/cmp-mock-customer/target/classes started by humahmed1 in /Users/humahmed1/Documents/cmp-mock-gcp/cmp-mock-customer)
2021-04-14 13:34:43 [INFO  ] CmpApplication – No active profile set, falling back to default profiles: default
2021-04-14 13:34:45 [INFO  ] CmpApplication – Started CmpApplication in 2.307 seconds (JVM running for 2.865)
2021-04-14 13:36:11 [INFO  ] CmpApplication – Starting CmpApplication using Java 15.0.1 on WKMZT8FE2C3F.global.publicisgroupe.net with PID 99826 (/Users/humahmed1/Documents/cmp-mock-gcp/cmp-mock-customer/target/classes started by humahmed1 in /Users/humahmed1/Documents/cmp-mock-gcp/cmp-mock-customer)
2021-04-14 13:36:11 [INFO  ] CmpApplication – No active profile set, falling back to default profiles: default
2021-04-14 13:36:13 [INFO  ] CmpApplication – Started CmpApplication in 2.219 seconds (JVM running for 2.761)
